{"/home/ecustomize/Desktop/TicTacToe/src/index.js": {"path":"/home/ecustomize/Desktop/TicTacToe/src/index.js","statementMap":{"0":{"start":{"line":1,"column":32},"end":{"line":1,"column":81}},"1":{"start":{"line":1,"column":95},"end":{"line":1,"column":111}},"2":{"start":{"line":1,"column":126},"end":{"line":1,"column":156}},"3":{"start":{"line":2,"column":16},"end":{"line":2,"column":36}},"4":{"start":{"line":2,"column":54},"end":{"line":2,"column":87}},"5":{"start":{"line":4,"column":18},"end":{"line":4,"column":40}},"6":{"start":{"line":5,"column":28},"end":{"line":5,"column":61}},"7":{"start":{"line":7,"column":0},"end":{"line":7,"column":30}},"8":{"start":{"line":9,"column":11},"end":{"line":9,"column":38}},"9":{"start":{"line":9,"column":51},"end":{"line":9,"column":79}},"10":{"start":{"line":10,"column":29},"end":{"line":10,"column":63}},"11":{"start":{"line":10,"column":94},"end":{"line":10,"column":140}},"12":{"start":{"line":12,"column":13},"end":{"line":12,"column":31}},"13":{"start":{"line":12,"column":46},"end":{"line":12,"column":76}},"14":{"start":{"line":12,"column":115},"end":{"line":12,"column":169}},"15":{"start":{"line":14,"column":0},"end":{"line":17,"column":1}},"16":{"start":{"line":15,"column":2},"end":{"line":15,"column":31}},"17":{"start":{"line":15,"column":56},"end":{"line":15,"column":80}},"18":{"start":{"line":16,"column":2},"end":{"line":16,"column":35}},"19":{"start":{"line":19,"column":0},"end":{"line":25,"column":33}},"20":{"start":{"line":27,"column":0},"end":{"line":27,"column":39}}},"fnMap":{"0":{"name":"_interopRequireDefault","decl":{"start":{"line":12,"column":86},"end":{"line":12,"column":108}},"loc":{"start":{"line":12,"column":114},"end":{"line":12,"column":170}},"line":12}},"branchMap":{"0":{"loc":{"start":{"line":12,"column":122},"end":{"line":12,"column":168}},"type":"cond-expr","locations":[{"start":{"line":12,"column":146},"end":{"line":12,"column":149}},{"start":{"line":12,"column":152},"end":{"line":12,"column":168}}],"line":12},"1":{"loc":{"start":{"line":12,"column":122},"end":{"line":12,"column":143}},"type":"binary-expr","locations":[{"start":{"line":12,"column":122},"end":{"line":12,"column":125}},{"start":{"line":12,"column":129},"end":{"line":12,"column":143}}],"line":12},"2":{"loc":{"start":{"line":14,"column":0},"end":{"line":17,"column":1}},"type":"if","locations":[{"start":{"line":14,"column":0},"end":{"line":17,"column":1}},{"start":{"line":14,"column":0},"end":{"line":17,"column":1}}],"line":14}},"s":{"0":0,"1":0,"2":0,"3":0,"4":0,"5":0,"6":0,"7":0,"8":0,"9":0,"10":0,"11":0,"12":0,"13":0,"14":0,"15":0,"16":0,"17":0,"18":0,"19":0,"20":0},"f":{"0":0},"b":{"0":[0,0],"1":[0,0],"2":[0,0]}}
,"/home/ecustomize/Desktop/TicTacToe/src/reducer.js": {"path":"/home/ecustomize/Desktop/TicTacToe/src/reducer.js","statementMap":{"0":{"start":{"line":1,"column":13},"end":{"line":1,"column":75}},"1":{"start":{"line":1,"column":88},"end":{"line":1,"column":104}},"2":{"start":{"line":3,"column":17},"end":{"line":3,"column":47}},"3":{"start":{"line":3,"column":66},"end":{"line":3,"column":100}},"4":{"start":{"line":3,"column":139},"end":{"line":3,"column":193}},"5":{"start":{"line":3,"column":194},"end":{"line":6,"column":36}}},"fnMap":{"0":{"name":"_interopRequireDefault","decl":{"start":{"line":3,"column":110},"end":{"line":3,"column":132}},"loc":{"start":{"line":3,"column":138},"end":{"line":3,"column":194}},"line":3}},"branchMap":{"0":{"loc":{"start":{"line":3,"column":146},"end":{"line":3,"column":192}},"type":"cond-expr","locations":[{"start":{"line":3,"column":170},"end":{"line":3,"column":173}},{"start":{"line":3,"column":176},"end":{"line":3,"column":192}}],"line":3},"1":{"loc":{"start":{"line":3,"column":146},"end":{"line":3,"column":167}},"type":"binary-expr","locations":[{"start":{"line":3,"column":146},"end":{"line":3,"column":149}},{"start":{"line":3,"column":153},"end":{"line":3,"column":167}}],"line":3}},"s":{"0":0,"1":0,"2":0,"3":0,"4":0,"5":0},"f":{"0":0},"b":{"0":[0,0],"1":[0,0]}}
,"/home/ecustomize/Desktop/TicTacToe/src/registerServiceWorker.js": {"path":"/home/ecustomize/Desktop/TicTacToe/src/registerServiceWorker.js","statementMap":{"0":{"start":{"line":1,"column":13},"end":{"line":1,"column":75}},"1":{"start":{"line":1,"column":75},"end":{"line":21,"column":9}},"2":{"start":{"line":21,"column":9},"end":{"line":111,"column":24}},"3":{"start":{"line":118,"column":20},"end":{"line":120,"column":89}},"4":{"start":{"line":120,"column":111},"end":{"line":128,"column":36}},"5":{"start":{"line":121,"column":22},"end":{"line":121,"column":70}},"6":{"start":{"line":121,"column":71},"end":{"line":124,"column":14}},"7":{"start":{"line":124,"column":6},"end":{"line":124,"column":13}},"8":{"start":{"line":124,"column":14},"end":{"line":128,"column":35}},"9":{"start":{"line":124,"column":67},"end":{"line":124,"column":112}},"10":{"start":{"line":124,"column":113},"end":{"line":128,"column":32}},"11":{"start":{"line":125,"column":8},"end":{"line":125,"column":39}},"12":{"start":{"line":127,"column":8},"end":{"line":127,"column":178}},"13":{"start":{"line":127,"column":50},"end":{"line":127,"column":175}},"14":{"start":{"line":128,"column":8},"end":{"line":128,"column":31}},"15":{"start":{"line":128,"column":70},"end":{"line":135,"column":156}},"16":{"start":{"line":128,"column":132},"end":{"line":135,"column":68}},"17":{"start":{"line":128,"column":193},"end":{"line":128,"column":216}},"18":{"start":{"line":128,"column":217},"end":{"line":135,"column":66}},"19":{"start":{"line":128,"column":257},"end":{"line":135,"column":64}},"20":{"start":{"line":128,"column":302},"end":{"line":135,"column":63}},"21":{"start":{"line":132,"column":12},"end":{"line":132,"column":69}},"22":{"start":{"line":135,"column":12},"end":{"line":135,"column":62}},"23":{"start":{"line":135,"column":87},"end":{"line":135,"column":153}},"24":{"start":{"line":136,"column":2},"end":{"line":139,"column":126}},"25":{"start":{"line":137,"column":4},"end":{"line":139,"column":30}},"26":{"start":{"line":138,"column":6},"end":{"line":138,"column":127}},"27":{"start":{"line":138,"column":58},"end":{"line":138,"column":124}},"28":{"start":{"line":138,"column":96},"end":{"line":138,"column":121}},"29":{"start":{"line":139,"column":6},"end":{"line":139,"column":29}},"30":{"start":{"line":139,"column":46},"end":{"line":139,"column":123}},"31":{"start":{"line":139,"column":150},"end":{"line":139,"column":267}},"32":{"start":{"line":139,"column":185},"end":{"line":139,"column":266}},"33":{"start":{"line":139,"column":237},"end":{"line":139,"column":263}}},"fnMap":{"0":{"name":"register","decl":{"start":{"line":120,"column":99},"end":{"line":120,"column":107}},"loc":{"start":{"line":120,"column":110},"end":{"line":128,"column":37}},"line":120},"1":{"name":"(anonymous_1)","decl":{"start":{"line":124,"column":46},"end":{"line":124,"column":47}},"loc":{"start":{"line":124,"column":52},"end":{"line":128,"column":33}},"line":124},"2":{"name":"(anonymous_2)","decl":{"start":{"line":127,"column":43},"end":{"line":127,"column":44}},"loc":{"start":{"line":127,"column":49},"end":{"line":127,"column":176}},"line":127},"3":{"name":"registerValidSW","decl":{"start":{"line":128,"column":46},"end":{"line":128,"column":61}},"loc":{"start":{"line":128,"column":69},"end":{"line":135,"column":157}},"line":128},"4":{"name":"(anonymous_4)","decl":{"start":{"line":128,"column":115},"end":{"line":128,"column":116}},"loc":{"start":{"line":128,"column":131},"end":{"line":135,"column":69}},"line":128},"5":{"name":"(anonymous_5)","decl":{"start":{"line":128,"column":161},"end":{"line":128,"column":162}},"loc":{"start":{"line":128,"column":167},"end":{"line":135,"column":67}},"line":128},"6":{"name":"(anonymous_6)","decl":{"start":{"line":128,"column":250},"end":{"line":128,"column":251}},"loc":{"start":{"line":128,"column":256},"end":{"line":135,"column":65}},"line":128},"7":{"name":"(anonymous_7)","decl":{"start":{"line":135,"column":77},"end":{"line":135,"column":78}},"loc":{"start":{"line":135,"column":86},"end":{"line":135,"column":154}},"line":135},"8":{"name":"checkValidServiceWorker","decl":{"start":{"line":135,"column":166},"end":{"line":135,"column":189}},"loc":{"start":{"line":135,"column":197},"end":{"line":139,"column":127}},"line":135},"9":{"name":"(anonymous_9)","decl":{"start":{"line":136,"column":20},"end":{"line":136,"column":21}},"loc":{"start":{"line":136,"column":32},"end":{"line":139,"column":31}},"line":136},"10":{"name":"(anonymous_10)","decl":{"start":{"line":138,"column":41},"end":{"line":138,"column":42}},"loc":{"start":{"line":138,"column":57},"end":{"line":138,"column":125}},"line":138},"11":{"name":"(anonymous_11)","decl":{"start":{"line":138,"column":89},"end":{"line":138,"column":90}},"loc":{"start":{"line":138,"column":95},"end":{"line":138,"column":122}},"line":138},"12":{"name":"(anonymous_12)","decl":{"start":{"line":139,"column":39},"end":{"line":139,"column":40}},"loc":{"start":{"line":139,"column":45},"end":{"line":139,"column":124}},"line":139},"13":{"name":"unregister","decl":{"start":{"line":139,"column":136},"end":{"line":139,"column":146}},"loc":{"start":{"line":139,"column":149},"end":{"line":139,"column":268}},"line":139},"14":{"name":"(anonymous_14)","decl":{"start":{"line":139,"column":220},"end":{"line":139,"column":221}},"loc":{"start":{"line":139,"column":236},"end":{"line":139,"column":264}},"line":139}},"branchMap":{"0":{"loc":{"start":{"line":118,"column":28},"end":{"line":120,"column":88}},"type":"binary-expr","locations":[{"start":{"line":118,"column":28},"end":{"line":118,"column":68}},{"start":{"line":119,"column":0},"end":{"line":119,"column":36}},{"start":{"line":120,"column":0},"end":{"line":120,"column":88}}],"line":118},"1":{"loc":{"start":{"line":120,"column":111},"end":{"line":128,"column":36}},"type":"if","locations":[{"start":{"line":120,"column":111},"end":{"line":128,"column":36}},{"start":{"line":120,"column":111},"end":{"line":128,"column":36}}],"line":120},"2":{"loc":{"start":{"line":120,"column":115},"end":{"line":120,"column":184}},"type":"binary-expr","locations":[{"start":{"line":120,"column":115},"end":{"line":120,"column":152}},{"start":{"line":120,"column":156},"end":{"line":120,"column":184}}],"line":120},"3":{"loc":{"start":{"line":121,"column":71},"end":{"line":124,"column":14}},"type":"if","locations":[{"start":{"line":121,"column":71},"end":{"line":124,"column":14}},{"start":{"line":121,"column":71},"end":{"line":124,"column":14}}],"line":121},"4":{"loc":{"start":{"line":124,"column":113},"end":{"line":128,"column":32}},"type":"if","locations":[{"start":{"line":124,"column":113},"end":{"line":128,"column":32}},{"start":{"line":124,"column":113},"end":{"line":128,"column":32}}],"line":124},"5":{"loc":{"start":{"line":128,"column":257},"end":{"line":135,"column":64}},"type":"if","locations":[{"start":{"line":128,"column":257},"end":{"line":135,"column":64}},{"start":{"line":128,"column":257},"end":{"line":135,"column":64}}],"line":128},"6":{"loc":{"start":{"line":128,"column":302},"end":{"line":135,"column":63}},"type":"if","locations":[{"start":{"line":128,"column":302},"end":{"line":135,"column":63}},{"start":{"line":128,"column":302},"end":{"line":135,"column":63}}],"line":128},"7":{"loc":{"start":{"line":137,"column":4},"end":{"line":139,"column":30}},"type":"if","locations":[{"start":{"line":137,"column":4},"end":{"line":139,"column":30}},{"start":{"line":137,"column":4},"end":{"line":139,"column":30}}],"line":137},"8":{"loc":{"start":{"line":137,"column":8},"end":{"line":137,"column":100}},"type":"binary-expr","locations":[{"start":{"line":137,"column":8},"end":{"line":137,"column":31}},{"start":{"line":137,"column":35},"end":{"line":137,"column":100}}],"line":137},"9":{"loc":{"start":{"line":139,"column":150},"end":{"line":139,"column":267}},"type":"if","locations":[{"start":{"line":139,"column":150},"end":{"line":139,"column":267}},{"start":{"line":139,"column":150},"end":{"line":139,"column":267}}],"line":139}},"s":{"0":0,"1":0,"2":0,"3":0,"4":0,"5":0,"6":0,"7":0,"8":0,"9":0,"10":0,"11":0,"12":0,"13":0,"14":0,"15":0,"16":0,"17":0,"18":0,"19":0,"20":0,"21":0,"22":0,"23":0,"24":0,"25":0,"26":0,"27":0,"28":0,"29":0,"30":0,"31":0,"32":0,"33":0},"f":{"0":0,"1":0,"2":0,"3":0,"4":0,"5":0,"6":0,"7":0,"8":0,"9":0,"10":0,"11":0,"12":0,"13":0,"14":0},"b":{"0":[0,0,0],"1":[0,0],"2":[0,0],"3":[0,0],"4":[0,0],"5":[0,0],"6":[0,0],"7":[0,0],"8":[0,0],"9":[0,0]}}
,"/home/ecustomize/Desktop/TicTacToe/src/setupTests.js": {"path":"/home/ecustomize/Desktop/TicTacToe/src/setupTests.js","statementMap":{"0":{"start":{"line":4,"column":0},"end":{"line":4,"column":36}}},"fnMap":{},"branchMap":{},"s":{"0":3},"f":{},"b":{},"_coverageSchema":"332fd63041d2c1bcb487cc26dd0d5f7d97098a6c","hash":"be57d9ea97f58f13b2529f582d297149e3d15cab"}
,"/home/ecustomize/Desktop/TicTacToe/src/store.js": {"path":"/home/ecustomize/Desktop/TicTacToe/src/store.js","statementMap":{"0":{"start":{"line":1,"column":13},"end":{"line":1,"column":75}},"1":{"start":{"line":1,"column":75},"end":{"line":1,"column":103}},"2":{"start":{"line":1,"column":116},"end":{"line":1,"column":132}},"3":{"start":{"line":2,"column":18},"end":{"line":2,"column":40}},"4":{"start":{"line":2,"column":60},"end":{"line":2,"column":95}},"5":{"start":{"line":3,"column":19},"end":{"line":3,"column":42}},"6":{"start":{"line":4,"column":15},"end":{"line":4,"column":33}},"7":{"start":{"line":5,"column":28},"end":{"line":5,"column":61}},"8":{"start":{"line":7,"column":15},"end":{"line":7,"column":35}},"9":{"start":{"line":7,"column":52},"end":{"line":7,"column":84}},"10":{"start":{"line":7,"column":123},"end":{"line":7,"column":177}},"11":{"start":{"line":9,"column":15},"end":{"line":9,"column":47}},"12":{"start":{"line":10,"column":24},"end":{"line":10,"column":85}},"13":{"start":{"line":12,"column":16},"end":{"line":12,"column":70}},"14":{"start":{"line":12,"column":71},"end":{"line":20,"column":10}}},"fnMap":{"0":{"name":"_interopRequireDefault","decl":{"start":{"line":7,"column":94},"end":{"line":7,"column":116}},"loc":{"start":{"line":7,"column":122},"end":{"line":7,"column":178}},"line":7}},"branchMap":{"0":{"loc":{"start":{"line":7,"column":130},"end":{"line":7,"column":176}},"type":"cond-expr","locations":[{"start":{"line":7,"column":154},"end":{"line":7,"column":157}},{"start":{"line":7,"column":160},"end":{"line":7,"column":176}}],"line":7},"1":{"loc":{"start":{"line":7,"column":130},"end":{"line":7,"column":151}},"type":"binary-expr","locations":[{"start":{"line":7,"column":130},"end":{"line":7,"column":133}},{"start":{"line":7,"column":137},"end":{"line":7,"column":151}}],"line":7},"2":{"loc":{"start":{"line":10,"column":24},"end":{"line":10,"column":85}},"type":"binary-expr","locations":[{"start":{"line":10,"column":24},"end":{"line":10,"column":67}},{"start":{"line":10,"column":71},"end":{"line":10,"column":85}}],"line":10}},"s":{"0":0,"1":0,"2":0,"3":0,"4":0,"5":0,"6":0,"7":0,"8":0,"9":0,"10":0,"11":0,"12":0,"13":0,"14":0},"f":{"0":0},"b":{"0":[0,0],"1":[0,0],"2":[0,0]}}
,"/home/ecustomize/Desktop/TicTacToe/src/components/App.js": {"path":"/home/ecustomize/Desktop/TicTacToe/src/components/App.js","statementMap":{"0":{"start":{"line":1,"column":13},"end":{"line":1,"column":75}},"1":{"start":{"line":1,"column":94},"end":{"line":1,"column":152}},"2":{"start":{"line":1,"column":166},"end":{"line":1,"column":182}},"3":{"start":{"line":1,"column":197},"end":{"line":1,"column":227}},"4":{"start":{"line":2,"column":19},"end":{"line":2,"column":42}},"5":{"start":{"line":4,"column":12},"end":{"line":4,"column":46}},"6":{"start":{"line":4,"column":60},"end":{"line":4,"column":89}},"7":{"start":{"line":4,"column":128},"end":{"line":4,"column":182}},"8":{"start":{"line":6,"column":12},"end":{"line":8,"column":179}},"9":{"start":{"line":7,"column":0},"end":{"line":8,"column":179}},"10":{"start":{"line":8,"column":180},"end":{"line":12,"column":4}}},"fnMap":{"0":{"name":"_interopRequireDefault","decl":{"start":{"line":4,"column":99},"end":{"line":4,"column":121}},"loc":{"start":{"line":4,"column":127},"end":{"line":4,"column":183}},"line":4},"1":{"name":"(anonymous_1)","decl":{"start":{"line":6,"column":12},"end":{"line":6,"column":13}},"loc":{"start":{"line":7,"column":0},"end":{"line":8,"column":179}},"line":7}},"branchMap":{"0":{"loc":{"start":{"line":4,"column":135},"end":{"line":4,"column":181}},"type":"cond-expr","locations":[{"start":{"line":4,"column":159},"end":{"line":4,"column":162}},{"start":{"line":4,"column":165},"end":{"line":4,"column":181}}],"line":4},"1":{"loc":{"start":{"line":4,"column":135},"end":{"line":4,"column":156}},"type":"binary-expr","locations":[{"start":{"line":4,"column":135},"end":{"line":4,"column":138}},{"start":{"line":4,"column":142},"end":{"line":4,"column":156}}],"line":4}},"s":{"0":0,"1":0,"2":0,"3":0,"4":0,"5":0,"6":0,"7":0,"8":0,"9":0,"10":0},"f":{"0":0,"1":0},"b":{"0":[0,0],"1":[0,0]}}
,"/home/ecustomize/Desktop/TicTacToe/src/components/header/Header.js": {"path":"/home/ecustomize/Desktop/TicTacToe/src/components/header/Header.js","statementMap":{"0":{"start":{"line":5,"column":15},"end":{"line":17,"column":1}},"1":{"start":{"line":6,"column":2},"end":{"line":16,"column":11}}},"fnMap":{"0":{"name":"(anonymous_0)","decl":{"start":{"line":5,"column":15},"end":{"line":5,"column":16}},"loc":{"start":{"line":6,"column":2},"end":{"line":16,"column":11}},"line":6}},"branchMap":{"0":{"loc":{"start":{"line":6,"column":46},"end":{"line":6,"column":69}},"type":"binary-expr","locations":[{"start":{"line":6,"column":46},"end":{"line":6,"column":58}},{"start":{"line":6,"column":62},"end":{"line":6,"column":69}}],"line":6},"1":{"loc":{"start":{"line":7,"column":5},"end":{"line":15,"column":5}},"type":"cond-expr","locations":[{"start":{"line":8,"column":6},"end":{"line":12,"column":7}},{"start":{"line":14,"column":6},"end":{"line":14,"column":41}}],"line":7},"2":{"loc":{"start":{"line":8,"column":6},"end":{"line":12,"column":7}},"type":"cond-expr","locations":[{"start":{"line":9,"column":8},"end":{"line":9,"column":47}},{"start":{"line":11,"column":8},"end":{"line":11,"column":32}}],"line":8},"3":{"loc":{"start":{"line":8,"column":6},"end":{"line":8,"column":32}},"type":"binary-expr","locations":[{"start":{"line":8,"column":6},"end":{"line":8,"column":16}},{"start":{"line":8,"column":20},"end":{"line":8,"column":32}}],"line":8}},"s":{"0":1,"1":1},"f":{"0":1},"b":{"0":[1,0],"1":[0,1],"2":[0,0],"3":[0,0]},"_coverageSchema":"332fd63041d2c1bcb487cc26dd0d5f7d97098a6c","hash":"2abf24e849ed1d3160040b899416507dc215a7e5"}
,"/home/ecustomize/Desktop/TicTacToe/src/components/main/Main.js": {"path":"/home/ecustomize/Desktop/TicTacToe/src/components/main/Main.js","statementMap":{"0":{"start":{"line":5,"column":13},"end":{"line":9,"column":1}},"1":{"start":{"line":6,"column":2},"end":{"line":8,"column":9}}},"fnMap":{"0":{"name":"(anonymous_0)","decl":{"start":{"line":5,"column":13},"end":{"line":5,"column":14}},"loc":{"start":{"line":6,"column":2},"end":{"line":8,"column":9}},"line":6}},"branchMap":{},"s":{"0":1,"1":1},"f":{"0":1},"b":{},"_coverageSchema":"332fd63041d2c1bcb487cc26dd0d5f7d97098a6c","hash":"627d97373652ffbc2925cfbcb2939a21164ca056"}
,"/home/ecustomize/Desktop/TicTacToe/src/components/modal/Modal.js": {"path":"/home/ecustomize/Desktop/TicTacToe/src/components/modal/Modal.js","statementMap":{"0":{"start":{"line":5,"column":27},"end":{"line":8,"column":1}},"1":{"start":{"line":6,"column":2},"end":{"line":6,"column":21}},"2":{"start":{"line":7,"column":2},"end":{"line":7,"column":47}},"3":{"start":{"line":10,"column":14},"end":{"line":18,"column":1}},"4":{"start":{"line":11,"column":2},"end":{"line":17,"column":8}}},"fnMap":{"0":{"name":"(anonymous_0)","decl":{"start":{"line":5,"column":27},"end":{"line":5,"column":28}},"loc":{"start":{"line":5,"column":34},"end":{"line":8,"column":1}},"line":5},"1":{"name":"(anonymous_1)","decl":{"start":{"line":10,"column":14},"end":{"line":10,"column":15}},"loc":{"start":{"line":11,"column":2},"end":{"line":17,"column":8}},"line":11}},"branchMap":{},"s":{"0":1,"1":0,"2":0,"3":1,"4":1},"f":{"0":0,"1":1},"b":{},"_coverageSchema":"332fd63041d2c1bcb487cc26dd0d5f7d97098a6c","hash":"8a3a9e5b53acc56360459cbcd55631b27eebe517"}
,"/home/ecustomize/Desktop/TicTacToe/src/containers/home/Home.js": {"path":"/home/ecustomize/Desktop/TicTacToe/src/containers/home/Home.js","statementMap":{"0":{"start":{"line":1,"column":13},"end":{"line":1,"column":75}},"1":{"start":{"line":1,"column":94},"end":{"line":1,"column":158}},"2":{"start":{"line":1,"column":172},"end":{"line":1,"column":188}},"3":{"start":{"line":1,"column":203},"end":{"line":1,"column":233}},"4":{"start":{"line":2,"column":18},"end":{"line":2,"column":40}},"5":{"start":{"line":4,"column":0},"end":{"line":4,"column":22}},"6":{"start":{"line":6,"column":14},"end":{"line":6,"column":55}},"7":{"start":{"line":6,"column":71},"end":{"line":6,"column":102}},"8":{"start":{"line":7,"column":12},"end":{"line":7,"column":49}},"9":{"start":{"line":7,"column":63},"end":{"line":7,"column":92}},"10":{"start":{"line":8,"column":13},"end":{"line":8,"column":52}},"11":{"start":{"line":8,"column":67},"end":{"line":8,"column":97}},"12":{"start":{"line":10,"column":17},"end":{"line":10,"column":51}},"13":{"start":{"line":10,"column":90},"end":{"line":10,"column":144}},"14":{"start":{"line":18,"column":19},"end":{"line":31,"column":1}},"15":{"start":{"line":19,"column":2},"end":{"line":28,"column":3}},"16":{"start":{"line":20,"column":4},"end":{"line":27,"column":5}},"17":{"start":{"line":20,"column":33},"end":{"line":20,"column":44}},"18":{"start":{"line":20,"column":74},"end":{"line":20,"column":85}},"19":{"start":{"line":21,"column":6},"end":{"line":25,"column":33}},"20":{"start":{"line":30,"column":2},"end":{"line":30,"column":15}},"21":{"start":{"line":33,"column":23},"end":{"line":43,"column":1}},"22":{"start":{"line":34,"column":18},"end":{"line":34,"column":20}},"23":{"start":{"line":35,"column":18},"end":{"line":35,"column":20}},"24":{"start":{"line":37,"column":2},"end":{"line":40,"column":3}},"25":{"start":{"line":38,"column":4},"end":{"line":38,"column":33}},"26":{"start":{"line":39,"column":4},"end":{"line":39,"column":53}},"27":{"start":{"line":42,"column":2},"end":{"line":42,"column":32}},"28":{"start":{"line":45,"column":22},"end":{"line":45,"column":93}},"29":{"start":{"line":45,"column":32},"end":{"line":45,"column":93}},"30":{"start":{"line":45,"column":56},"end":{"line":45,"column":92}},"31":{"start":{"line":45,"column":79},"end":{"line":45,"column":91}},"32":{"start":{"line":49,"column":4},"end":{"line":49,"column":12}},"33":{"start":{"line":49,"column":12},"end":{"line":83,"column":6}},"34":{"start":{"line":60,"column":19},"end":{"line":60,"column":36}},"35":{"start":{"line":62,"column":6},"end":{"line":82,"column":7}},"36":{"start":{"line":63,"column":8},"end":{"line":63,"column":62}},"37":{"start":{"line":65,"column":8},"end":{"line":65,"column":45}},"38":{"start":{"line":66,"column":8},"end":{"line":66,"column":40}},"39":{"start":{"line":68,"column":8},"end":{"line":68,"column":65}},"40":{"start":{"line":70,"column":8},"end":{"line":70,"column":48}},"41":{"start":{"line":70,"column":41},"end":{"line":70,"column":48}},"42":{"start":{"line":72,"column":8},"end":{"line":72,"column":73}},"43":{"start":{"line":74,"column":13},"end":{"line":82,"column":7}},"44":{"start":{"line":75,"column":23},"end":{"line":75,"column":56}},"45":{"start":{"line":77,"column":8},"end":{"line":77,"column":40}},"46":{"start":{"line":79,"column":8},"end":{"line":81,"column":16}},"47":{"start":{"line":80,"column":10},"end":{"line":80,"column":45}},"48":{"start":{"line":83,"column":6},"end":{"line":99,"column":6}},"49":{"start":{"line":86,"column":21},"end":{"line":86,"column":154}},"50":{"start":{"line":88,"column":6},"end":{"line":92,"column":7}},"51":{"start":{"line":89,"column":8},"end":{"line":89,"column":35}},"52":{"start":{"line":90,"column":13},"end":{"line":92,"column":7}},"53":{"start":{"line":91,"column":8},"end":{"line":91,"column":37}},"54":{"start":{"line":94,"column":6},"end":{"line":97,"column":7}},"55":{"start":{"line":95,"column":8},"end":{"line":95,"column":29}},"56":{"start":{"line":96,"column":8},"end":{"line":96,"column":20}},"57":{"start":{"line":98,"column":6},"end":{"line":98,"column":19}},"58":{"start":{"line":99,"column":6},"end":{"line":122,"column":6}},"59":{"start":{"line":102,"column":25},"end":{"line":102,"column":63}},"60":{"start":{"line":103,"column":19},"end":{"line":103,"column":50}},"61":{"start":{"line":105,"column":6},"end":{"line":109,"column":7}},"62":{"start":{"line":106,"column":8},"end":{"line":106,"column":81}},"63":{"start":{"line":108,"column":8},"end":{"line":108,"column":81}},"64":{"start":{"line":111,"column":6},"end":{"line":117,"column":7}},"65":{"start":{"line":112,"column":8},"end":{"line":112,"column":44}},"66":{"start":{"line":113,"column":13},"end":{"line":117,"column":7}},"67":{"start":{"line":114,"column":8},"end":{"line":114,"column":45}},"68":{"start":{"line":116,"column":8},"end":{"line":116,"column":43}},"69":{"start":{"line":119,"column":6},"end":{"line":119,"column":59}},"70":{"start":{"line":120,"column":6},"end":{"line":120,"column":35}},"71":{"start":{"line":121,"column":6},"end":{"line":121,"column":35}},"72":{"start":{"line":122,"column":6},"end":{"line":127,"column":6}},"73":{"start":{"line":125,"column":6},"end":{"line":125,"column":59}},"74":{"start":{"line":126,"column":6},"end":{"line":126,"column":36}},"75":{"start":{"line":127,"column":6},"end":{"line":133,"column":6}},"76":{"start":{"line":130,"column":6},"end":{"line":130,"column":50}},"77":{"start":{"line":132,"column":6},"end":{"line":132,"column":60}},"78":{"start":{"line":133,"column":6},"end":{"line":145,"column":6}},"79":{"start":{"line":136,"column":25},"end":{"line":136,"column":63}},"80":{"start":{"line":137,"column":19},"end":{"line":137,"column":50}},"81":{"start":{"line":138,"column":20},"end":{"line":138,"column":60}},"82":{"start":{"line":140,"column":6},"end":{"line":140,"column":43}},"83":{"start":{"line":141,"column":6},"end":{"line":141,"column":45}},"84":{"start":{"line":142,"column":6},"end":{"line":142,"column":56}},"85":{"start":{"line":142,"column":27},"end":{"line":142,"column":54}},"86":{"start":{"line":144,"column":6},"end":{"line":144,"column":63}},"87":{"start":{"line":145,"column":6},"end":{"line":145,"column":79}},"88":{"start":{"line":157,"column":4},"end":{"line":157,"column":14}},"89":{"start":{"line":157,"column":35},"end":{"line":157,"column":53}},"90":{"start":{"line":157,"column":71},"end":{"line":157,"column":92}},"91":{"start":{"line":157,"column":107},"end":{"line":157,"column":125}},"92":{"start":{"line":157,"column":143},"end":{"line":157,"column":164}},"93":{"start":{"line":157,"column":184},"end":{"line":157,"column":207}},"94":{"start":{"line":157,"column":221},"end":{"line":157,"column":238}},"95":{"start":{"line":157,"column":251},"end":{"line":157,"column":267}},"96":{"start":{"line":157,"column":277},"end":{"line":157,"column":290}},"97":{"start":{"line":159,"column":19},"end":{"line":161,"column":50}},"98":{"start":{"line":164,"column":29},"end":{"line":164,"column":64}},"99":{"start":{"line":166,"column":4},"end":{"line":199,"column":199}},"100":{"start":{"line":189,"column":16},"end":{"line":192,"column":131}},"101":{"start":{"line":190,"column":16},"end":{"line":192,"column":130}},"102":{"start":{"line":192,"column":32},"end":{"line":192,"column":58}},"103":{"start":{"line":199,"column":67},"end":{"line":199,"column":104}},"104":{"start":{"line":208,"column":28},"end":{"line":215,"column":35}},"105":{"start":{"line":208,"column":38},"end":{"line":215,"column":34}},"106":{"start":{"line":218,"column":31},"end":{"line":223,"column":75}},"107":{"start":{"line":218,"column":44},"end":{"line":223,"column":74}},"108":{"start":{"line":219,"column":25},"end":{"line":219,"column":77}},"109":{"start":{"line":220,"column":34},"end":{"line":220,"column":88}},"110":{"start":{"line":221,"column":32},"end":{"line":221,"column":84}},"111":{"start":{"line":222,"column":44},"end":{"line":222,"column":106}},"112":{"start":{"line":223,"column":26},"end":{"line":223,"column":72}},"113":{"start":{"line":223,"column":76},"end":{"line":226,"column":76}}},"fnMap":{"0":{"name":"_interopRequireDefault","decl":{"start":{"line":10,"column":61},"end":{"line":10,"column":83}},"loc":{"start":{"line":10,"column":89},"end":{"line":10,"column":145}},"line":10},"1":{"name":"(anonymous_1)","decl":{"start":{"line":18,"column":19},"end":{"line":18,"column":20}},"loc":{"start":{"line":18,"column":54},"end":{"line":31,"column":1}},"line":18},"2":{"name":"(anonymous_2)","decl":{"start":{"line":20,"column":24},"end":{"line":20,"column":25}},"loc":{"start":{"line":20,"column":33},"end":{"line":20,"column":44}},"line":20},"3":{"name":"(anonymous_3)","decl":{"start":{"line":20,"column":65},"end":{"line":20,"column":66}},"loc":{"start":{"line":20,"column":74},"end":{"line":20,"column":85}},"line":20},"4":{"name":"(anonymous_4)","decl":{"start":{"line":33,"column":23},"end":{"line":33,"column":24}},"loc":{"start":{"line":33,"column":33},"end":{"line":43,"column":1}},"line":33},"5":{"name":"(anonymous_5)","decl":{"start":{"line":45,"column":22},"end":{"line":45,"column":23}},"loc":{"start":{"line":45,"column":32},"end":{"line":45,"column":93}},"line":45},"6":{"name":"(anonymous_6)","decl":{"start":{"line":45,"column":43},"end":{"line":45,"column":44}},"loc":{"start":{"line":45,"column":56},"end":{"line":45,"column":92}},"line":45},"7":{"name":"(anonymous_7)","decl":{"start":{"line":45,"column":65},"end":{"line":45,"column":66}},"loc":{"start":{"line":45,"column":79},"end":{"line":45,"column":91}},"line":45},"8":{"name":"(anonymous_8)","decl":{"start":{"line":48,"column":2},"end":{"line":48,"column":3}},"loc":{"start":{"line":48,"column":16},"end":{"line":145,"column":80}},"line":48},"9":{"name":"(anonymous_9)","decl":{"start":{"line":59,"column":19},"end":{"line":59,"column":20}},"loc":{"start":{"line":59,"column":32},"end":{"line":83,"column":5}},"line":59},"10":{"name":"(anonymous_10)","decl":{"start":{"line":79,"column":19},"end":{"line":79,"column":20}},"loc":{"start":{"line":79,"column":25},"end":{"line":81,"column":9}},"line":79},"11":{"name":"(anonymous_11)","decl":{"start":{"line":85,"column":21},"end":{"line":85,"column":22}},"loc":{"start":{"line":85,"column":31},"end":{"line":99,"column":5}},"line":85},"12":{"name":"(anonymous_12)","decl":{"start":{"line":101,"column":20},"end":{"line":101,"column":21}},"loc":{"start":{"line":101,"column":30},"end":{"line":122,"column":5}},"line":101},"13":{"name":"(anonymous_13)","decl":{"start":{"line":124,"column":20},"end":{"line":124,"column":21}},"loc":{"start":{"line":124,"column":26},"end":{"line":127,"column":5}},"line":124},"14":{"name":"(anonymous_14)","decl":{"start":{"line":129,"column":29},"end":{"line":129,"column":30}},"loc":{"start":{"line":129,"column":48},"end":{"line":133,"column":5}},"line":129},"15":{"name":"(anonymous_15)","decl":{"start":{"line":135,"column":25},"end":{"line":135,"column":26}},"loc":{"start":{"line":135,"column":40},"end":{"line":145,"column":5}},"line":135},"16":{"name":"(anonymous_16)","decl":{"start":{"line":142,"column":16},"end":{"line":142,"column":17}},"loc":{"start":{"line":142,"column":27},"end":{"line":142,"column":54}},"line":142},"17":{"name":"(anonymous_17)","decl":{"start":{"line":147,"column":2},"end":{"line":147,"column":3}},"loc":{"start":{"line":147,"column":11},"end":{"line":205,"column":3}},"line":147},"18":{"name":"(anonymous_18)","decl":{"start":{"line":188,"column":27},"end":{"line":188,"column":28}},"loc":{"start":{"line":189,"column":16},"end":{"line":192,"column":131}},"line":189},"19":{"name":"(anonymous_19)","decl":{"start":{"line":189,"column":25},"end":{"line":189,"column":26}},"loc":{"start":{"line":190,"column":16},"end":{"line":192,"column":130}},"line":190},"20":{"name":"(anonymous_20)","decl":{"start":{"line":192,"column":27},"end":{"line":192,"column":28}},"loc":{"start":{"line":192,"column":32},"end":{"line":192,"column":58}},"line":192},"21":{"name":"(anonymous_21)","decl":{"start":{"line":199,"column":62},"end":{"line":199,"column":63}},"loc":{"start":{"line":199,"column":67},"end":{"line":199,"column":104}},"line":199},"22":{"name":"(anonymous_22)","decl":{"start":{"line":208,"column":28},"end":{"line":208,"column":29}},"loc":{"start":{"line":208,"column":38},"end":{"line":215,"column":34}},"line":208},"23":{"name":"(anonymous_23)","decl":{"start":{"line":218,"column":31},"end":{"line":218,"column":32}},"loc":{"start":{"line":218,"column":44},"end":{"line":223,"column":74}},"line":218},"24":{"name":"(anonymous_24)","decl":{"start":{"line":219,"column":20},"end":{"line":219,"column":21}},"loc":{"start":{"line":219,"column":25},"end":{"line":219,"column":77}},"line":219},"25":{"name":"(anonymous_25)","decl":{"start":{"line":220,"column":20},"end":{"line":220,"column":21}},"loc":{"start":{"line":220,"column":34},"end":{"line":220,"column":88}},"line":220},"26":{"name":"(anonymous_26)","decl":{"start":{"line":221,"column":19},"end":{"line":221,"column":20}},"loc":{"start":{"line":221,"column":32},"end":{"line":221,"column":84}},"line":221},"27":{"name":"(anonymous_27)","decl":{"start":{"line":222,"column":23},"end":{"line":222,"column":24}},"loc":{"start":{"line":222,"column":44},"end":{"line":222,"column":106}},"line":222},"28":{"name":"(anonymous_28)","decl":{"start":{"line":223,"column":16},"end":{"line":223,"column":17}},"loc":{"start":{"line":223,"column":26},"end":{"line":223,"column":72}},"line":223}},"branchMap":{"0":{"loc":{"start":{"line":10,"column":97},"end":{"line":10,"column":143}},"type":"cond-expr","locations":[{"start":{"line":10,"column":121},"end":{"line":10,"column":124}},{"start":{"line":10,"column":127},"end":{"line":10,"column":143}}],"line":10},"1":{"loc":{"start":{"line":10,"column":97},"end":{"line":10,"column":118}},"type":"binary-expr","locations":[{"start":{"line":10,"column":97},"end":{"line":10,"column":100}},{"start":{"line":10,"column":104},"end":{"line":10,"column":118}}],"line":10},"2":{"loc":{"start":{"line":20,"column":4},"end":{"line":27,"column":5}},"type":"if","locations":[{"start":{"line":20,"column":4},"end":{"line":27,"column":5}},{"start":{"line":20,"column":4},"end":{"line":27,"column":5}}],"line":20},"3":{"loc":{"start":{"line":20,"column":8},"end":{"line":20,"column":86}},"type":"binary-expr","locations":[{"start":{"line":20,"column":8},"end":{"line":20,"column":45}},{"start":{"line":20,"column":49},"end":{"line":20,"column":86}}],"line":20},"4":{"loc":{"start":{"line":62,"column":6},"end":{"line":82,"column":7}},"type":"if","locations":[{"start":{"line":62,"column":6},"end":{"line":82,"column":7}},{"start":{"line":62,"column":6},"end":{"line":82,"column":7}}],"line":62},"5":{"loc":{"start":{"line":62,"column":10},"end":{"line":62,"column":45}},"type":"binary-expr","locations":[{"start":{"line":62,"column":10},"end":{"line":62,"column":23}},{"start":{"line":62,"column":27},"end":{"line":62,"column":45}}],"line":62},"6":{"loc":{"start":{"line":70,"column":8},"end":{"line":70,"column":48}},"type":"if","locations":[{"start":{"line":70,"column":8},"end":{"line":70,"column":48}},{"start":{"line":70,"column":8},"end":{"line":70,"column":48}}],"line":70},"7":{"loc":{"start":{"line":72,"column":36},"end":{"line":72,"column":71}},"type":"cond-expr","locations":[{"start":{"line":72,"column":66},"end":{"line":72,"column":67}},{"start":{"line":72,"column":70},"end":{"line":72,"column":71}}],"line":72},"8":{"loc":{"start":{"line":74,"column":13},"end":{"line":82,"column":7}},"type":"if","locations":[{"start":{"line":74,"column":13},"end":{"line":82,"column":7}},{"start":{"line":74,"column":13},"end":{"line":82,"column":7}}],"line":74},"9":{"loc":{"start":{"line":86,"column":21},"end":{"line":86,"column":154}},"type":"binary-expr","locations":[{"start":{"line":86,"column":21},"end":{"line":86,"column":53}},{"start":{"line":86,"column":57},"end":{"line":86,"column":103}},{"start":{"line":86,"column":107},"end":{"line":86,"column":154}}],"line":86},"10":{"loc":{"start":{"line":88,"column":6},"end":{"line":92,"column":7}},"type":"if","locations":[{"start":{"line":88,"column":6},"end":{"line":92,"column":7}},{"start":{"line":88,"column":6},"end":{"line":92,"column":7}}],"line":88},"11":{"loc":{"start":{"line":90,"column":13},"end":{"line":92,"column":7}},"type":"if","locations":[{"start":{"line":90,"column":13},"end":{"line":92,"column":7}},{"start":{"line":90,"column":13},"end":{"line":92,"column":7}}],"line":90},"12":{"loc":{"start":{"line":94,"column":6},"end":{"line":97,"column":7}},"type":"if","locations":[{"start":{"line":94,"column":6},"end":{"line":97,"column":7}},{"start":{"line":94,"column":6},"end":{"line":97,"column":7}}],"line":94},"13":{"loc":{"start":{"line":94,"column":10},"end":{"line":94,"column":47}},"type":"binary-expr","locations":[{"start":{"line":94,"column":10},"end":{"line":94,"column":16}},{"start":{"line":94,"column":20},"end":{"line":94,"column":47}}],"line":94},"14":{"loc":{"start":{"line":105,"column":6},"end":{"line":109,"column":7}},"type":"if","locations":[{"start":{"line":105,"column":6},"end":{"line":109,"column":7}},{"start":{"line":105,"column":6},"end":{"line":109,"column":7}}],"line":105},"15":{"loc":{"start":{"line":111,"column":6},"end":{"line":117,"column":7}},"type":"if","locations":[{"start":{"line":111,"column":6},"end":{"line":117,"column":7}},{"start":{"line":111,"column":6},"end":{"line":117,"column":7}}],"line":111},"16":{"loc":{"start":{"line":113,"column":13},"end":{"line":117,"column":7}},"type":"if","locations":[{"start":{"line":113,"column":13},"end":{"line":117,"column":7}},{"start":{"line":113,"column":13},"end":{"line":117,"column":7}}],"line":113},"17":{"loc":{"start":{"line":160,"column":12},"end":{"line":160,"column":56}},"type":"cond-expr","locations":[{"start":{"line":160,"column":31},"end":{"line":160,"column":42}},{"start":{"line":160,"column":45},"end":{"line":160,"column":56}}],"line":160},"18":{"loc":{"start":{"line":161,"column":13},"end":{"line":161,"column":48}},"type":"cond-expr","locations":[{"start":{"line":161,"column":32},"end":{"line":161,"column":38}},{"start":{"line":161,"column":41},"end":{"line":161,"column":48}}],"line":161}},"s":{"0":0,"1":0,"2":0,"3":0,"4":0,"5":0,"6":0,"7":0,"8":0,"9":0,"10":0,"11":0,"12":0,"13":0,"14":0,"15":0,"16":0,"17":0,"18":0,"19":0,"20":0,"21":0,"22":0,"23":0,"24":0,"25":0,"26":0,"27":0,"28":0,"29":0,"30":0,"31":0,"32":0,"33":0,"34":0,"35":0,"36":0,"37":0,"38":0,"39":0,"40":0,"41":0,"42":0,"43":0,"44":0,"45":0,"46":0,"47":0,"48":0,"49":0,"50":0,"51":0,"52":0,"53":0,"54":0,"55":0,"56":0,"57":0,"58":0,"59":0,"60":0,"61":0,"62":0,"63":0,"64":0,"65":0,"66":0,"67":0,"68":0,"69":0,"70":0,"71":0,"72":0,"73":0,"74":0,"75":0,"76":0,"77":0,"78":0,"79":0,"80":0,"81":0,"82":0,"83":0,"84":0,"85":0,"86":0,"87":0,"88":0,"89":0,"90":0,"91":0,"92":0,"93":0,"94":0,"95":0,"96":0,"97":0,"98":0,"99":0,"100":0,"101":0,"102":0,"103":0,"104":0,"105":0,"106":0,"107":0,"108":0,"109":0,"110":0,"111":0,"112":0,"113":0},"f":{"0":0,"1":0,"2":0,"3":0,"4":0,"5":0,"6":0,"7":0,"8":0,"9":0,"10":0,"11":0,"12":0,"13":0,"14":0,"15":0,"16":0,"17":0,"18":0,"19":0,"20":0,"21":0,"22":0,"23":0,"24":0,"25":0,"26":0,"27":0,"28":0},"b":{"0":[0,0],"1":[0,0],"2":[0,0],"3":[0,0],"4":[0,0],"5":[0,0],"6":[0,0],"7":[0,0],"8":[0,0],"9":[0,0,0],"10":[0,0],"11":[0,0],"12":[0,0],"13":[0,0],"14":[0,0],"15":[0,0],"16":[0,0],"17":[0,0],"18":[0,0]}}
,"/home/ecustomize/Desktop/TicTacToe/src/modules/tictactoe.js": {"path":"/home/ecustomize/Desktop/TicTacToe/src/modules/tictactoe.js","statementMap":{"0":{"start":{"line":1,"column":13},"end":{"line":1,"column":75}},"1":{"start":{"line":1,"column":104},"end":{"line":1,"column":126}},"2":{"start":{"line":2,"column":32},"end":{"line":2,"column":57}},"3":{"start":{"line":3,"column":29},"end":{"line":3,"column":51}},"4":{"start":{"line":4,"column":32},"end":{"line":4,"column":57}},"5":{"start":{"line":5,"column":27},"end":{"line":5,"column":47}},"6":{"start":{"line":6,"column":26},"end":{"line":6,"column":45}},"7":{"start":{"line":7,"column":22},"end":{"line":7,"column":37}},"8":{"start":{"line":9,"column":21},"end":{"line":18,"column":14}},"9":{"start":{"line":18,"column":15},"end":{"line":61,"column":2}},"10":{"start":{"line":22,"column":2},"end":{"line":59,"column":20}},"11":{"start":{"line":24,"column":6},"end":{"line":26,"column":39}},"12":{"start":{"line":29,"column":6},"end":{"line":31,"column":42}},"13":{"start":{"line":34,"column":6},"end":{"line":36,"column":39}},"14":{"start":{"line":39,"column":6},"end":{"line":41,"column":42}},"15":{"start":{"line":44,"column":6},"end":{"line":46,"column":37}},"16":{"start":{"line":49,"column":6},"end":{"line":51,"column":38}},"17":{"start":{"line":54,"column":6},"end":{"line":56,"column":34}},"18":{"start":{"line":59,"column":6},"end":{"line":59,"column":19}},"19":{"start":{"line":63,"column":25},"end":{"line":65,"column":26}},"20":{"start":{"line":63,"column":63},"end":{"line":65,"column":25}},"21":{"start":{"line":68,"column":28},"end":{"line":70,"column":21}},"22":{"start":{"line":68,"column":80},"end":{"line":70,"column":20}},"23":{"start":{"line":73,"column":24},"end":{"line":75,"column":23}},"24":{"start":{"line":73,"column":64},"end":{"line":75,"column":22}},"25":{"start":{"line":78,"column":25},"end":{"line":80,"column":24}},"26":{"start":{"line":78,"column":67},"end":{"line":80,"column":23}},"27":{"start":{"line":83,"column":21},"end":{"line":85,"column":57}},"28":{"start":{"line":83,"column":55},"end":{"line":85,"column":56}}},"fnMap":{"0":{"name":"(anonymous_0)","decl":{"start":{"line":21,"column":0},"end":{"line":21,"column":1}},"loc":{"start":{"line":21,"column":39},"end":{"line":61,"column":1}},"line":21},"1":{"name":"(anonymous_1)","decl":{"start":{"line":63,"column":52},"end":{"line":63,"column":53}},"loc":{"start":{"line":63,"column":63},"end":{"line":65,"column":25}},"line":63},"2":{"name":"(anonymous_2)","decl":{"start":{"line":68,"column":58},"end":{"line":68,"column":59}},"loc":{"start":{"line":68,"column":80},"end":{"line":70,"column":20}},"line":68},"3":{"name":"(anonymous_3)","decl":{"start":{"line":73,"column":50},"end":{"line":73,"column":51}},"loc":{"start":{"line":73,"column":64},"end":{"line":75,"column":22}},"line":73},"4":{"name":"(anonymous_4)","decl":{"start":{"line":78,"column":52},"end":{"line":78,"column":53}},"loc":{"start":{"line":78,"column":67},"end":{"line":80,"column":23}},"line":78},"5":{"name":"(anonymous_5)","decl":{"start":{"line":83,"column":44},"end":{"line":83,"column":45}},"loc":{"start":{"line":83,"column":55},"end":{"line":85,"column":56}},"line":83}},"branchMap":{"0":{"loc":{"start":{"line":21,"column":1},"end":{"line":21,"column":21}},"type":"default-arg","locations":[{"start":{"line":21,"column":9},"end":{"line":21,"column":21}}],"line":21},"1":{"loc":{"start":{"line":21,"column":23},"end":{"line":21,"column":34}},"type":"default-arg","locations":[{"start":{"line":21,"column":32},"end":{"line":21,"column":34}}],"line":21},"2":{"loc":{"start":{"line":22,"column":2},"end":{"line":59,"column":20}},"type":"switch","locations":[{"start":{"line":23,"column":4},"end":{"line":26,"column":39}},{"start":{"line":28,"column":4},"end":{"line":31,"column":42}},{"start":{"line":33,"column":4},"end":{"line":36,"column":39}},{"start":{"line":38,"column":4},"end":{"line":41,"column":42}},{"start":{"line":43,"column":4},"end":{"line":46,"column":37}},{"start":{"line":48,"column":4},"end":{"line":51,"column":38}},{"start":{"line":53,"column":4},"end":{"line":56,"column":34}},{"start":{"line":58,"column":4},"end":{"line":59,"column":19}}],"line":22},"3":{"loc":{"start":{"line":64,"column":8},"end":{"line":64,"column":79}},"type":"cond-expr","locations":[{"start":{"line":64,"column":36},"end":{"line":64,"column":56}},{"start":{"line":64,"column":59},"end":{"line":64,"column":79}}],"line":64},"4":{"loc":{"start":{"line":69,"column":8},"end":{"line":69,"column":80}},"type":"cond-expr","locations":[{"start":{"line":69,"column":31},"end":{"line":69,"column":54}},{"start":{"line":69,"column":57},"end":{"line":69,"column":80}}],"line":69},"5":{"loc":{"start":{"line":85,"column":11},"end":{"line":85,"column":54}},"type":"binary-expr","locations":[{"start":{"line":85,"column":11},"end":{"line":85,"column":17}},{"start":{"line":85,"column":21},"end":{"line":85,"column":54}}],"line":85}},"s":{"0":0,"1":0,"2":0,"3":0,"4":0,"5":0,"6":0,"7":0,"8":0,"9":0,"10":0,"11":0,"12":0,"13":0,"14":0,"15":0,"16":0,"17":0,"18":0,"19":0,"20":0,"21":0,"22":0,"23":0,"24":0,"25":0,"26":0,"27":0,"28":0},"f":{"0":0,"1":0,"2":0,"3":0,"4":0,"5":0},"b":{"0":[0],"1":[0],"2":[0,0,0,0,0,0,0,0],"3":[0,0],"4":[0,0],"5":[0,0]}}
}
